<?xml version="1.0" encoding="UTF-8"?>
<!-- Generated by org.testng.reporters.JUnitXMLReporter -->
<testsuite ignored="0" hostname="SFTLCRPC100" failures="0" tests="4" name="Default test" time="3.595" errors="0" timestamp="2023-01-25T17:52:44 EET">
  <testcase classname="tests.Base3Example" name="createTodo" time="1.9"/>
  <testcase classname="tests.Base3Example" name="getToDo" time="0.395"/>
  <testcase classname="tests.Base3Example" name="updateToDo" time="0.399"/>
  <testcase classname="tests.Base3Example" name="deleteToDo" time="0.419"/>
</testsuite> <!-- Default test -->
