<?xml version="1.0" encoding="UTF-8"?>
<!-- Generated by org.testng.reporters.JUnitXMLReporter -->
<testsuite ignored="0" hostname="SFTLCRPC100" failures="0" tests="4" name="RestApiTest" time="3.298" errors="0" timestamp="2023-01-25T17:56:42 EET">
  <testcase classname="tests.Base3Example" name="createTodo" time="1.583"/>
  <testcase classname="tests.Base3Example" name="getToDo" time="0.48"/>
  <testcase classname="tests.Base3Example" name="updateToDo" time="0.413"/>
  <testcase classname="tests.Base3Example" name="deleteToDo" time="0.387"/>
</testsuite> <!-- RestApiTest -->
