<?xml version="1.0" encoding="UTF-8"?>
<testng-results ignored="0" total="4" passed="4" failed="0" skipped="0">
  <reporter-output>
  </reporter-output>
  <suite started-at="2023-01-25T17:56:39 EET" name="Suite1" finished-at="2023-01-25T17:56:42 EET" duration-ms="3298">
    <groups>
    </groups>
    <test started-at="2023-01-25T17:56:39 EET" name="RestApiTest" finished-at="2023-01-25T17:56:42 EET" duration-ms="3298">
      <class name="tests.Base3Example">
        <test-method is-config="true" signature="createRequestSpecification()[pri:0, instance:tests.Base3Example@1ea9f6af]" started-at="2023-01-25T17:56:39 EET" name="createRequestSpecification" finished-at="2023-01-25T17:56:39 EET" duration-ms="383" status="PASS">
          <reporter-output>
          </reporter-output>
        </test-method> <!-- createRequestSpecification -->
        <test-method is-config="true" signature="createResponseSpecification()[pri:0, instance:tests.Base3Example@1ea9f6af]" started-at="2023-01-25T17:56:39 EET" name="createResponseSpecification" finished-at="2023-01-25T17:56:39 EET" duration-ms="23" status="PASS">
          <reporter-output>
          </reporter-output>
        </test-method> <!-- createResponseSpecification -->
        <test-method signature="createTodo()[pri:0, instance:tests.Base3Example@1ea9f6af]" started-at="2023-01-25T17:56:39 EET" name="createTodo" finished-at="2023-01-25T17:56:41 EET" duration-ms="1583" status="PASS">
          <reporter-output>
          </reporter-output>
        </test-method> <!-- createTodo -->
        <test-method signature="getToDo()[pri:1, instance:tests.Base3Example@1ea9f6af]" started-at="2023-01-25T17:56:41 EET" name="getToDo" finished-at="2023-01-25T17:56:41 EET" duration-ms="480" status="PASS">
          <reporter-output>
          </reporter-output>
        </test-method> <!-- getToDo -->
        <test-method signature="updateToDo()[pri:2, instance:tests.Base3Example@1ea9f6af]" started-at="2023-01-25T17:56:41 EET" name="updateToDo" finished-at="2023-01-25T17:56:41 EET" duration-ms="413" status="PASS">
          <reporter-output>
          </reporter-output>
        </test-method> <!-- updateToDo -->
        <test-method signature="deleteToDo()[pri:3, instance:tests.Base3Example@1ea9f6af]" started-at="2023-01-25T17:56:41 EET" name="deleteToDo" finished-at="2023-01-25T17:56:42 EET" duration-ms="387" status="PASS">
          <reporter-output>
          </reporter-output>
        </test-method> <!-- deleteToDo -->
      </class> <!-- tests.Base3Example -->
    </test> <!-- RestApiTest -->
  </suite> <!-- Suite1 -->
</testng-results>
